<html>
<head>
<title>TestNG:  API Test Cases</title>
<link href="../testng.css" rel="stylesheet" type="text/css" />
<link href="../my-testng.css" rel="stylesheet" type="text/css" />

<style type="text/css">
.log { display: none;} 
.stack-trace { display: none;} 
</style>
<script type="text/javascript">
<!--
function flip(e) {
  current = e.style.display;
  if (current == 'block') {
    e.style.display = 'none';
    return 0;
  }
  else {
    e.style.display = 'block';
    return 1;
  }
}

function toggleBox(szDivId, elem, msg1, msg2)
{
  var res = -1;  if (document.getElementById) {
    res = flip(document.getElementById(szDivId));
  }
  else if (document.all) {
    // this is the way old msie versions work
    res = flip(document.all[szDivId]);
  }
  if(elem) {
    if(res == 0) elem.innerHTML = msg1; else elem.innerHTML = msg2;
  }

}

function toggleAllBoxes() {
  if (document.getElementsByTagName) {
    d = document.getElementsByTagName('div');
    for (i = 0; i < d.length; i++) {
      if (d[i].className == 'log') {
        flip(d[i]);
      }
    }
  }
}

// -->
</script>

</head>
<body>
<h2 align='center'>API Test Cases</h2><table border='1' align="center">
<tr>
<td>Tests passed/Failed/Skipped:</td><td>6/1/0</td>
</tr><tr>
<td>Started on:</td><td>Wed Sep 17 11:12:59 IST 2025</td>
</tr>
<tr><td>Total time:</td><td>3 seconds (3408 ms)</td>
</tr><tr>
<td>Included groups:</td><td></td>
</tr><tr>
<td>Excluded groups:</td><td></td>
</tr>
</table><p/>
<small><i>(Hover the method name to see the test class name)</i></small><p/>
<table width='100%' border='1' class='invocation-failed'>
<tr><td colspan='4' align='center'><b>FAILED TESTS</b></td></tr>
<tr><td><b>Test method</b></td>
<td><b>Attribute(s)</b></td>
<td width="30%"><b>Exception</b></td>
<td width="10%"><b>Time (seconds)</b></td>
<td><b>Instance</b></td>
</tr>
<tr>
<td title='com.api.test.UserProfileUpdateTest.userProfileUpdattionTest()'><b>userProfileUpdattionTest</b><br>Test class: com.api.test.UserProfileUpdateTest<br>Test method: Update Profile Update Test</td>
<td><div><pre>java.lang.AssertionError: expected [200] but found [500]
	at com.api.test.UserProfileUpdateTest.userProfileUpdattionTest(UserProfileUpdateTest.java:34)
	at java.base/java.util.concurrent.Executors$RunnableAdapter.call(Executors.java:515)
	at java.base/java.util.concurrent.FutureTask.run(FutureTask.java:264)
	at java.base/java.util.concurrent.ThreadPoolExecutor.runWorker(ThreadPoolExecutor.java:1130)
	at java.base/java.util.concurrent.ThreadPoolExecutor$Worker.run(ThreadPoolExecutor.java:630)
	at java.base/java.lang.Thread.run(Thread.java:831)
... Removed 18 stack frames</pre></div><a href='#' onClick='toggleBox("stack-trace300779369", this, "Click to show all stack frames", "Click to hide stack frames")'>Click to show all stack frames</a>
<div class='stack-trace' id='stack-trace300779369'><pre>java.lang.AssertionError: expected [200] but found [500]
	at org.testng.Assert.fail(Assert.java:111)
	at org.testng.Assert.failNotEquals(Assert.java:1578)
	at org.testng.Assert.assertEqualsImpl(Assert.java:150)
	at org.testng.Assert.assertEquals(Assert.java:132)
	at org.testng.Assert.assertEquals(Assert.java:644)
	at com.api.test.UserProfileUpdateTest.userProfileUpdattionTest(UserProfileUpdateTest.java:34)
	at java.base/jdk.internal.reflect.NativeMethodAccessorImpl.invoke0(Native Method)
	at java.base/jdk.internal.reflect.NativeMethodAccessorImpl.invoke(NativeMethodAccessorImpl.java:78)
	at java.base/jdk.internal.reflect.DelegatingMethodAccessorImpl.invoke(DelegatingMethodAccessorImpl.java:43)
	at java.base/java.lang.reflect.Method.invoke(Method.java:567)
	at org.testng.internal.invokers.MethodInvocationHelper.invokeMethod(MethodInvocationHelper.java:139)
	at org.testng.internal.invokers.TestInvoker.invokeMethod(TestInvoker.java:664)
	at org.testng.internal.invokers.TestInvoker.invokeTestMethod(TestInvoker.java:228)
	at org.testng.internal.invokers.MethodRunner.runInSequence(MethodRunner.java:63)
	at org.testng.internal.invokers.TestInvoker$MethodInvocationAgent.invoke(TestInvoker.java:961)
	at org.testng.internal.invokers.TestInvoker.invokeTestMethods(TestInvoker.java:201)
	at org.testng.internal.invokers.TestMethodWorker.invokeTestMethods(TestMethodWorker.java:148)
	at org.testng.internal.invokers.TestMethodWorker.run(TestMethodWorker.java:128)
	at java.base/java.util.concurrent.Executors$RunnableAdapter.call(Executors.java:515)
	at java.base/java.util.concurrent.FutureTask.run(FutureTask.java:264)
	at org.testng.internal.thread.graph.TestNGFutureTask.run(TestNGFutureTask.java:22)
	at java.base/java.util.concurrent.ThreadPoolExecutor.runWorker(ThreadPoolExecutor.java:1130)
	at java.base/java.util.concurrent.ThreadPoolExecutor$Worker.run(ThreadPoolExecutor.java:630)
	at java.base/java.lang.Thread.run(Thread.java:831)
</pre></div></td>
<td>0</td>
<td>com.api.test.UserProfileUpdateTest@1189dd52</td></tr>
</table><p>
<table width='100%' border='1' class='invocation-passed'>
<tr><td colspan='4' align='center'><b>PASSED TESTS</b></td></tr>
<tr><td><b>Test method</b></td>
<td><b>Attribute(s)</b></td>
<td width="30%"><b>Exception</b></td>
<td width="10%"><b>Time (seconds)</b></td>
<td><b>Instance</b></td>
</tr>
<tr>
<td title='com.api.test.AccountCreationTest.AccountCreationTesting()'><b>AccountCreationTesting</b><br>Test class: com.api.test.AccountCreationTest<br>Test method: Verify signup of user</td>
<td></td>
<td>2</td>
<td>com.api.test.AccountCreationTest@245b4bdc</td></tr>
<tr>
<td title='com.api.test.ForgotPasswordTest.Test()'><b>Test</b><br>Test class: com.api.test.ForgotPasswordTest<br>Test method: Forgot password Test</td>
<td></td>
<td>2</td>
<td>com.api.test.ForgotPasswordTest@478190fc</td></tr>
<tr>
<td title='com.api.test.deleteUserProfileTest.deleteUserProfile()'><b>deleteUserProfile</b><br>Test class: com.api.test.deleteUserProfileTest<br>Test method: Delete User Profile Test</td>
<td></td>
<td>3</td>
<td>com.api.test.deleteUserProfileTest@38c6f217</td></tr>
<tr>
<td title='com.api.test.patchUpdateProfileTest.updateProfileTest()'><b>updateProfileTest</b><br>Test class: com.api.test.patchUpdateProfileTest<br>Test method: patch update request</td>
<td></td>
<td>0</td>
<td>com.api.test.patchUpdateProfileTest@7e07db1f</td></tr>
<tr>
<td title='com.api.test.LoginAPITest2.loginTest()'><b>loginTest</b><br>Test class: com.api.test.LoginAPITest2<br>Test method: Verify if login page is working</td>
<td></td>
<td>2</td>
<td>com.api.test.LoginAPITest2@35cabb2a</td></tr>
<tr>
<td title='com.api.test.getUserProfileManagementTest.Test()'><b>Test</b><br>Test class: com.api.test.getUserProfileManagementTest<br>Test method: Verify UserProfileManagementTest of user</td>
<td></td>
<td>2</td>
<td>com.api.test.getUserProfileManagementTest@79e2c065</td></tr>
</table><p>
</body>
</html>